{"uid":"4b4757e66a1912dae1a509f688f20b0f","name":"categories","children":[{"name":"Test defects","children":[{"name":"selenium.common.exceptions.NoSuchElementException: Message: no such element: Unable to locate element: {\"method\":\"xpath\",\"selector\":\"//p[@class='smallText']/child::b\"}\n  (Session info: chrome=136.0.7103.93); For documentation on this error, please visit: https://www.selenium.dev/documentation/webdriver/troubleshooting/errors#no-such-element-exception\nStacktrace:\n\tGetHandleVerifier [0x00007FF7D33ECF25+75717]\n\tGetHandleVerifier [0x00007FF7D33ECF80+75808]\n\t(No symbol) [0x00007FF7D31B8F9A]\n\t(No symbol) [0x00007FF7D320F4C6]\n\t(No symbol) [0x00007FF7D320F77C]\n\t(No symbol) [0x00007FF7D3262577]\n\t(No symbol) [0x00007FF7D32373BF]\n\t(No symbol) [0x00007FF7D325F39C]\n\t(No symbol) [0x00007FF7D3237153]\n\t(No symbol) [0x00007FF7D3200421]\n\t(No symbol) [0x00007FF7D32011B3]\n\tGetHandleVerifier [0x00007FF7D36ED6FD+3223453]\n\tGetHandleVerifier [0x00007FF7D36E7CA2+3200322]\n\tGetHandleVerifier [0x00007FF7D3705AD3+3322739]\n\tGetHandleVerifier [0x00007FF7D34069FA+180890]\n\tGetHandleVerifier [0x00007FF7D340E0FF+211359]\n\tGetHandleVerifier [0x00007FF7D33F5274+109332]\n\tGetHandleVerifier [0x00007FF7D33F5422+109762]\n\tGetHandleVerifier [0x00007FF7D33DBA39+4825]\n\tBaseThreadInitThunk [0x00007FF850AFE8D7+23]\n\tRtlUserThreadStart [0x00007FF8515DC5DC+44]","children":[{"name":"test_bank","uid":"5338ac5b7549c975","parentUid":"b41cc5d752f51cd1c67f28786ab85756","status":"broken","time":{"start":1747200863987,"stop":1747200884048,"duration":20061},"flaky":false,"newFailed":false,"newPassed":false,"newBroken":false,"retriesCount":0,"retriesStatusChange":false,"parameters":[],"tags":[]}],"uid":"b41cc5d752f51cd1c67f28786ab85756"},{"name":"selenium.common.exceptions.NoSuchElementException: Message: no such element: Unable to locate element: {\"method\":\"css selector\",\"selector\":\"[name=\"q\"]\"}\n  (Session info: chrome=136.0.7103.93); For documentation on this error, please visit: https://www.selenium.dev/documentation/webdriver/troubleshooting/errors#no-such-element-exception\nStacktrace:\n\tGetHandleVerifier [0x00007FF7D33ECF25+75717]\n\tGetHandleVerifier [0x00007FF7D33ECF80+75808]\n\t(No symbol) [0x00007FF7D31B8F9A]\n\t(No symbol) [0x00007FF7D320F4C6]\n\t(No symbol) [0x00007FF7D320F77C]\n\t(No symbol) [0x00007FF7D3262577]\n\t(No symbol) [0x00007FF7D32373BF]\n\t(No symbol) [0x00007FF7D325F39C]\n\t(No symbol) [0x00007FF7D3237153]\n\t(No symbol) [0x00007FF7D3200421]\n\t(No symbol) [0x00007FF7D32011B3]\n\tGetHandleVerifier [0x00007FF7D36ED6FD+3223453]\n\tGetHandleVerifier [0x00007FF7D36E7CA2+3200322]\n\tGetHandleVerifier [0x00007FF7D3705AD3+3322739]\n\tGetHandleVerifier [0x00007FF7D34069FA+180890]\n\tGetHandleVerifier [0x00007FF7D340E0FF+211359]\n\tGetHandleVerifier [0x00007FF7D33F5274+109332]\n\tGetHandleVerifier [0x00007FF7D33F5422+109762]\n\tGetHandleVerifier [0x00007FF7D33DBA39+4825]\n\tBaseThreadInitThunk [0x00007FF850AFE8D7+23]\n\tRtlUserThreadStart [0x00007FF8515DC5DC+44]","children":[{"name":"test_google_search[selenium]","uid":"44686938ff300fe9","parentUid":"c574dd981d950f4ac073221874cecf81","status":"broken","time":{"start":1747200939900,"stop":1747200939914,"duration":14},"flaky":false,"newFailed":false,"newPassed":false,"newBroken":false,"retriesCount":0,"retriesStatusChange":false,"parameters":["'selenium'"],"tags":["@pytest.mark.usefixtures('setup_and_teardown')"]}],"uid":"c574dd981d950f4ac073221874cecf81"}],"uid":"bdbf199525818fae7a8651db9eafe741"}]}