{"uid":"5338ac5b7549c975","name":"test_bank","fullName":"test_asserts#test_bank","historyId":"a1b606a257e445a6bc37ef025cacd7ea","time":{"start":1747200863987,"stop":1747200884048,"duration":20061},"status":"broken","statusMessage":"selenium.common.exceptions.NoSuchElementException: Message: no such element: Unable to locate element: {\"method\":\"xpath\",\"selector\":\"//p[@class='smallText']/child::b\"}\n  (Session info: chrome=136.0.7103.93); For documentation on this error, please visit: https://www.selenium.dev/documentation/webdriver/troubleshooting/errors#no-such-element-exception\nStacktrace:\n\tGetHandleVerifier [0x00007FF7D33ECF25+75717]\n\tGetHandleVerifier [0x00007FF7D33ECF80+75808]\n\t(No symbol) [0x00007FF7D31B8F9A]\n\t(No symbol) [0x00007FF7D320F4C6]\n\t(No symbol) [0x00007FF7D320F77C]\n\t(No symbol) [0x00007FF7D3262577]\n\t(No symbol) [0x00007FF7D32373BF]\n\t(No symbol) [0x00007FF7D325F39C]\n\t(No symbol) [0x00007FF7D3237153]\n\t(No symbol) [0x00007FF7D3200421]\n\t(No symbol) [0x00007FF7D32011B3]\n\tGetHandleVerifier [0x00007FF7D36ED6FD+3223453]\n\tGetHandleVerifier [0x00007FF7D36E7CA2+3200322]\n\tGetHandleVerifier [0x00007FF7D3705AD3+3322739]\n\tGetHandleVerifier [0x00007FF7D34069FA+180890]\n\tGetHandleVerifier [0x00007FF7D340E0FF+211359]\n\tGetHandleVerifier [0x00007FF7D33F5274+109332]\n\tGetHandleVerifier [0x00007FF7D33F5422+109762]\n\tGetHandleVerifier [0x00007FF7D33DBA39+4825]\n\tBaseThreadInitThunk [0x00007FF850AFE8D7+23]\n\tRtlUserThreadStart [0x00007FF8515DC5DC+44]","statusTrace":"def test_bank():\n     driver=webdriver.Chrome()\n     wait=WebDriverWait(driver,10)\n     driver.get(\"https://parabank.parasoft.com/parabank/index.htm\")\n     register=driver.find_element(By.XPATH,value=\"//a[text()='Register']\")\n     register.click()\n     Firstname=driver.find_element(By.ID,value=\"customer.firstName\")\n     Firstname.send_keys(\"yuvaraj\")\n     Lastname=driver.find_element(locate_with(By.TAG_NAME,\"input\").below(Firstname))\n     Lastname.send_keys(\"ramesh\")\n     Address=driver.find_element(locate_with(By.TAG_NAME,\"input\").below(Lastname))\n     Address.send_keys(\"Salem\")\n     City=driver.find_element(locate_with(By.TAG_NAME,\"input\").below(Address))\n     City.send_keys(\"Salem\")\n     State=driver.find_element(locate_with(By.TAG_NAME,\"input\").below(City))\n     State.send_keys(\"tamilnadu\")\n     ZipCode=driver.find_element(locate_with(By.TAG_NAME,\"input\").below(State))\n     ZipCode.send_keys(\"636305\")\n     Phone=driver.find_element(locate_with(By.TAG_NAME,\"input\").below(ZipCode))\n     Phone.send_keys(\"6385761600\")\n     ssn=driver.find_element(locate_with(By.TAG_NAME,\"input\").below(Phone))\n     ssn.send_keys(\"789456\")\n     Username=driver.find_element(By.ID,value=\"customer.username\")\n     Username.send_keys(\"yjrajj2220\")\n     Password=driver.find_element(locate_with(By.TAG_NAME,\"input\").below(Username))\n     Password.send_keys(\"123456\")\n     Confirm=driver.find_element(locate_with(By.TAG_NAME,\"input\").below(Password))\n     Confirm.send_keys(\"123456\")\n     register=driver.find_element(locate_with(By.TAG_NAME,\"input\").below(Confirm))\n     register.click()\n     verifyregister=driver.find_element(By.XPATH,value=\"//h1[@class='title']/following-sibling::p\")\n     print(verifyregister.text)\n     expected=\"Your account was created successfully. You are now logged in.\"\n     assert verifyregister.text.__eq__(expected)\n    \n     logout=driver.find_element(By.XPATH,value=\"//a[text()='Log Out']\")\n     logout.click()\n    \n     driver.implicitly_wait(10)\n     # wait.until(EC.presence_of_element_located((By.XPATH,\"(//p/following-sibling::div)[1]\")))\n     login=driver.find_element(By.XPATH,value=\"(//p/following-sibling::div/input)[1]\")\n     login.send_keys(\"yuvarajry200420\")\n     password1=driver.find_element(locate_with(By.TAG_NAME,\"input\").below(login))\n     password1.send_keys(\"123456\")\n     loginbtn=driver.find_element(locate_with(By.TAG_NAME,\"input\").below(password1))\n     loginbtn.click()\n>    verifylogin=driver.find_element(By.XPATH,value=\"//p[@class='smallText']/child::b\")\n\ntest_asserts.py:53: \n_ _ _ _ _ _ _ _ _ _ _ _ _ _ _ _ _ _ _ _ _ _ _ _ _ _ _ _ _ _ _ _ _ _ _ _ _ _ _ _ _ _ _ _ _ _ _ _ _ _ _ _ _ _ _ _ _ _ _ _ _ _ _ _ _ _ _ _ _ _ _ _ _ _ _ _ _ _ _ _ _ _ \n..\\basicseleniumenv\\Lib\\site-packages\\selenium\\webdriver\\remote\\webdriver.py:898: in find_element\n    return self.execute(Command.FIND_ELEMENT, {\"using\": by, \"value\": value})[\"value\"]\n..\\basicseleniumenv\\Lib\\site-packages\\selenium\\webdriver\\remote\\webdriver.py:429: in execute\n    self.error_handler.check_response(response)\n_ _ _ _ _ _ _ _ _ _ _ _ _ _ _ _ _ _ _ _ _ _ _ _ _ _ _ _ _ _ _ _ _ _ _ _ _ _ _ _ _ _ _ _ _ _ _ _ _ _ _ _ _ _ _ _ _ _ _ _ _ _ _ _ _ _ _ _ _ _ _ _ _ _ _ _ _ _ _ _ _ _ \n\nself = <selenium.webdriver.remote.errorhandler.ErrorHandler object at 0x0000022DA565C2F0>\nresponse = {'status': 404, 'value': '{\"value\":{\"error\":\"no such element\",\"message\":\"no such element: Unable to locate element: {\\...D33DBA39+4825]\\\\n\\\\tBaseThreadInitThunk [0x00007FF850AFE8D7+23]\\\\n\\\\tRtlUserThreadStart [0x00007FF8515DC5DC+44]\\\\n\"}}'}\n\n    def check_response(self, response: Dict[str, Any]) -> None:\n        \"\"\"Checks that a JSON response from the WebDriver does not have an\n        error.\n    \n        :Args:\n         - response - The JSON response from the WebDriver server as a dictionary\n           object.\n    \n        :Raises: If the response contains an error message.\n        \"\"\"\n        status = response.get(\"status\", None)\n        if not status or status == ErrorCode.SUCCESS:\n            return\n        value = None\n        message = response.get(\"message\", \"\")\n        screen: str = response.get(\"screen\", \"\")\n        stacktrace = None\n        if isinstance(status, int):\n            value_json = response.get(\"value\", None)\n            if value_json and isinstance(value_json, str):\n                import json\n    \n                try:\n                    value = json.loads(value_json)\n                    if len(value) == 1:\n                        value = value[\"value\"]\n                    status = value.get(\"error\", None)\n                    if not status:\n                        status = value.get(\"status\", ErrorCode.UNKNOWN_ERROR)\n                        message = value.get(\"value\") or value.get(\"message\")\n                        if not isinstance(message, str):\n                            value = message\n                            message = message.get(\"message\")\n                    else:\n                        message = value.get(\"message\", None)\n                except ValueError:\n                    pass\n    \n        exception_class: Type[WebDriverException]\n        e = ErrorCode()\n        error_codes = [item for item in dir(e) if not item.startswith(\"__\")]\n        for error_code in error_codes:\n            error_info = getattr(ErrorCode, error_code)\n            if isinstance(error_info, list) and status in error_info:\n                exception_class = getattr(ExceptionMapping, error_code, WebDriverException)\n                break\n        else:\n            exception_class = WebDriverException\n    \n        if not value:\n            value = response[\"value\"]\n        if isinstance(value, str):\n            raise exception_class(value)\n        if message == \"\" and \"message\" in value:\n            message = value[\"message\"]\n    \n        screen = None  # type: ignore[assignment]\n        if \"screen\" in value:\n            screen = value[\"screen\"]\n    \n        stacktrace = None\n        st_value = value.get(\"stackTrace\") or value.get(\"stacktrace\")\n        if st_value:\n            if isinstance(st_value, str):\n                stacktrace = st_value.split(\"\\n\")\n            else:\n                stacktrace = []\n                try:\n                    for frame in st_value:\n                        line = frame.get(\"lineNumber\", \"\")\n                        file = frame.get(\"fileName\", \"<anonymous>\")\n                        if line:\n                            file = f\"{file}:{line}\"\n                        meth = frame.get(\"methodName\", \"<anonymous>\")\n                        if \"className\" in frame:\n                            meth = f\"{frame['className']}.{meth}\"\n                        msg = \"    at %s (%s)\"\n                        msg = msg % (meth, file)\n                        stacktrace.append(msg)\n                except TypeError:\n                    pass\n        if exception_class == UnexpectedAlertPresentException:\n            alert_text = None\n            if \"data\" in value:\n                alert_text = value[\"data\"].get(\"text\")\n            elif \"alert\" in value:\n                alert_text = value[\"alert\"].get(\"text\")\n            raise exception_class(message, screen, stacktrace, alert_text)  # type: ignore[call-arg]  # mypy is not smart enough here\n>       raise exception_class(message, screen, stacktrace)\nE       selenium.common.exceptions.NoSuchElementException: Message: no such element: Unable to locate element: {\"method\":\"xpath\",\"selector\":\"//p[@class='smallText']/child::b\"}\nE         (Session info: chrome=136.0.7103.93); For documentation on this error, please visit: https://www.selenium.dev/documentation/webdriver/troubleshooting/errors#no-such-element-exception\nE       Stacktrace:\nE       \tGetHandleVerifier [0x00007FF7D33ECF25+75717]\nE       \tGetHandleVerifier [0x00007FF7D33ECF80+75808]\nE       \t(No symbol) [0x00007FF7D31B8F9A]\nE       \t(No symbol) [0x00007FF7D320F4C6]\nE       \t(No symbol) [0x00007FF7D320F77C]\nE       \t(No symbol) [0x00007FF7D3262577]\nE       \t(No symbol) [0x00007FF7D32373BF]\nE       \t(No symbol) [0x00007FF7D325F39C]\nE       \t(No symbol) [0x00007FF7D3237153]\nE       \t(No symbol) [0x00007FF7D3200421]\nE       \t(No symbol) [0x00007FF7D32011B3]\nE       \tGetHandleVerifier [0x00007FF7D36ED6FD+3223453]\nE       \tGetHandleVerifier [0x00007FF7D36E7CA2+3200322]\nE       \tGetHandleVerifier [0x00007FF7D3705AD3+3322739]\nE       \tGetHandleVerifier [0x00007FF7D34069FA+180890]\nE       \tGetHandleVerifier [0x00007FF7D340E0FF+211359]\nE       \tGetHandleVerifier [0x00007FF7D33F5274+109332]\nE       \tGetHandleVerifier [0x00007FF7D33F5422+109762]\nE       \tGetHandleVerifier [0x00007FF7D33DBA39+4825]\nE       \tBaseThreadInitThunk [0x00007FF850AFE8D7+23]\nE       \tRtlUserThreadStart [0x00007FF8515DC5DC+44]\n\n..\\basicseleniumenv\\Lib\\site-packages\\selenium\\webdriver\\remote\\errorhandler.py:232: NoSuchElementException","flaky":false,"newFailed":false,"newBroken":false,"newPassed":false,"retriesCount":0,"retriesStatusChange":false,"beforeStages":[],"testStage":{"status":"broken","statusMessage":"selenium.common.exceptions.NoSuchElementException: Message: no such element: Unable to locate element: {\"method\":\"xpath\",\"selector\":\"//p[@class='smallText']/child::b\"}\n  (Session info: chrome=136.0.7103.93); For documentation on this error, please visit: https://www.selenium.dev/documentation/webdriver/troubleshooting/errors#no-such-element-exception\nStacktrace:\n\tGetHandleVerifier [0x00007FF7D33ECF25+75717]\n\tGetHandleVerifier [0x00007FF7D33ECF80+75808]\n\t(No symbol) [0x00007FF7D31B8F9A]\n\t(No symbol) [0x00007FF7D320F4C6]\n\t(No symbol) [0x00007FF7D320F77C]\n\t(No symbol) [0x00007FF7D3262577]\n\t(No symbol) [0x00007FF7D32373BF]\n\t(No symbol) [0x00007FF7D325F39C]\n\t(No symbol) [0x00007FF7D3237153]\n\t(No symbol) [0x00007FF7D3200421]\n\t(No symbol) [0x00007FF7D32011B3]\n\tGetHandleVerifier [0x00007FF7D36ED6FD+3223453]\n\tGetHandleVerifier [0x00007FF7D36E7CA2+3200322]\n\tGetHandleVerifier [0x00007FF7D3705AD3+3322739]\n\tGetHandleVerifier [0x00007FF7D34069FA+180890]\n\tGetHandleVerifier [0x00007FF7D340E0FF+211359]\n\tGetHandleVerifier [0x00007FF7D33F5274+109332]\n\tGetHandleVerifier [0x00007FF7D33F5422+109762]\n\tGetHandleVerifier [0x00007FF7D33DBA39+4825]\n\tBaseThreadInitThunk [0x00007FF850AFE8D7+23]\n\tRtlUserThreadStart [0x00007FF8515DC5DC+44]","statusTrace":"def test_bank():\n     driver=webdriver.Chrome()\n     wait=WebDriverWait(driver,10)\n     driver.get(\"https://parabank.parasoft.com/parabank/index.htm\")\n     register=driver.find_element(By.XPATH,value=\"//a[text()='Register']\")\n     register.click()\n     Firstname=driver.find_element(By.ID,value=\"customer.firstName\")\n     Firstname.send_keys(\"yuvaraj\")\n     Lastname=driver.find_element(locate_with(By.TAG_NAME,\"input\").below(Firstname))\n     Lastname.send_keys(\"ramesh\")\n     Address=driver.find_element(locate_with(By.TAG_NAME,\"input\").below(Lastname))\n     Address.send_keys(\"Salem\")\n     City=driver.find_element(locate_with(By.TAG_NAME,\"input\").below(Address))\n     City.send_keys(\"Salem\")\n     State=driver.find_element(locate_with(By.TAG_NAME,\"input\").below(City))\n     State.send_keys(\"tamilnadu\")\n     ZipCode=driver.find_element(locate_with(By.TAG_NAME,\"input\").below(State))\n     ZipCode.send_keys(\"636305\")\n     Phone=driver.find_element(locate_with(By.TAG_NAME,\"input\").below(ZipCode))\n     Phone.send_keys(\"6385761600\")\n     ssn=driver.find_element(locate_with(By.TAG_NAME,\"input\").below(Phone))\n     ssn.send_keys(\"789456\")\n     Username=driver.find_element(By.ID,value=\"customer.username\")\n     Username.send_keys(\"yjrajj2220\")\n     Password=driver.find_element(locate_with(By.TAG_NAME,\"input\").below(Username))\n     Password.send_keys(\"123456\")\n     Confirm=driver.find_element(locate_with(By.TAG_NAME,\"input\").below(Password))\n     Confirm.send_keys(\"123456\")\n     register=driver.find_element(locate_with(By.TAG_NAME,\"input\").below(Confirm))\n     register.click()\n     verifyregister=driver.find_element(By.XPATH,value=\"//h1[@class='title']/following-sibling::p\")\n     print(verifyregister.text)\n     expected=\"Your account was created successfully. You are now logged in.\"\n     assert verifyregister.text.__eq__(expected)\n    \n     logout=driver.find_element(By.XPATH,value=\"//a[text()='Log Out']\")\n     logout.click()\n    \n     driver.implicitly_wait(10)\n     # wait.until(EC.presence_of_element_located((By.XPATH,\"(//p/following-sibling::div)[1]\")))\n     login=driver.find_element(By.XPATH,value=\"(//p/following-sibling::div/input)[1]\")\n     login.send_keys(\"yuvarajry200420\")\n     password1=driver.find_element(locate_with(By.TAG_NAME,\"input\").below(login))\n     password1.send_keys(\"123456\")\n     loginbtn=driver.find_element(locate_with(By.TAG_NAME,\"input\").below(password1))\n     loginbtn.click()\n>    verifylogin=driver.find_element(By.XPATH,value=\"//p[@class='smallText']/child::b\")\n\ntest_asserts.py:53: \n_ _ _ _ _ _ _ _ _ _ _ _ _ _ _ _ _ _ _ _ _ _ _ _ _ _ _ _ _ _ _ _ _ _ _ _ _ _ _ _ _ _ _ _ _ _ _ _ _ _ _ _ _ _ _ _ _ _ _ _ _ _ _ _ _ _ _ _ _ _ _ _ _ _ _ _ _ _ _ _ _ _ \n..\\basicseleniumenv\\Lib\\site-packages\\selenium\\webdriver\\remote\\webdriver.py:898: in find_element\n    return self.execute(Command.FIND_ELEMENT, {\"using\": by, \"value\": value})[\"value\"]\n..\\basicseleniumenv\\Lib\\site-packages\\selenium\\webdriver\\remote\\webdriver.py:429: in execute\n    self.error_handler.check_response(response)\n_ _ _ _ _ _ _ _ _ _ _ _ _ _ _ _ _ _ _ _ _ _ _ _ _ _ _ _ _ _ _ _ _ _ _ _ _ _ _ _ _ _ _ _ _ _ _ _ _ _ _ _ _ _ _ _ _ _ _ _ _ _ _ _ _ _ _ _ _ _ _ _ _ _ _ _ _ _ _ _ _ _ \n\nself = <selenium.webdriver.remote.errorhandler.ErrorHandler object at 0x0000022DA565C2F0>\nresponse = {'status': 404, 'value': '{\"value\":{\"error\":\"no such element\",\"message\":\"no such element: Unable to locate element: {\\...D33DBA39+4825]\\\\n\\\\tBaseThreadInitThunk [0x00007FF850AFE8D7+23]\\\\n\\\\tRtlUserThreadStart [0x00007FF8515DC5DC+44]\\\\n\"}}'}\n\n    def check_response(self, response: Dict[str, Any]) -> None:\n        \"\"\"Checks that a JSON response from the WebDriver does not have an\n        error.\n    \n        :Args:\n         - response - The JSON response from the WebDriver server as a dictionary\n           object.\n    \n        :Raises: If the response contains an error message.\n        \"\"\"\n        status = response.get(\"status\", None)\n        if not status or status == ErrorCode.SUCCESS:\n            return\n        value = None\n        message = response.get(\"message\", \"\")\n        screen: str = response.get(\"screen\", \"\")\n        stacktrace = None\n        if isinstance(status, int):\n            value_json = response.get(\"value\", None)\n            if value_json and isinstance(value_json, str):\n                import json\n    \n                try:\n                    value = json.loads(value_json)\n                    if len(value) == 1:\n                        value = value[\"value\"]\n                    status = value.get(\"error\", None)\n                    if not status:\n                        status = value.get(\"status\", ErrorCode.UNKNOWN_ERROR)\n                        message = value.get(\"value\") or value.get(\"message\")\n                        if not isinstance(message, str):\n                            value = message\n                            message = message.get(\"message\")\n                    else:\n                        message = value.get(\"message\", None)\n                except ValueError:\n                    pass\n    \n        exception_class: Type[WebDriverException]\n        e = ErrorCode()\n        error_codes = [item for item in dir(e) if not item.startswith(\"__\")]\n        for error_code in error_codes:\n            error_info = getattr(ErrorCode, error_code)\n            if isinstance(error_info, list) and status in error_info:\n                exception_class = getattr(ExceptionMapping, error_code, WebDriverException)\n                break\n        else:\n            exception_class = WebDriverException\n    \n        if not value:\n            value = response[\"value\"]\n        if isinstance(value, str):\n            raise exception_class(value)\n        if message == \"\" and \"message\" in value:\n            message = value[\"message\"]\n    \n        screen = None  # type: ignore[assignment]\n        if \"screen\" in value:\n            screen = value[\"screen\"]\n    \n        stacktrace = None\n        st_value = value.get(\"stackTrace\") or value.get(\"stacktrace\")\n        if st_value:\n            if isinstance(st_value, str):\n                stacktrace = st_value.split(\"\\n\")\n            else:\n                stacktrace = []\n                try:\n                    for frame in st_value:\n                        line = frame.get(\"lineNumber\", \"\")\n                        file = frame.get(\"fileName\", \"<anonymous>\")\n                        if line:\n                            file = f\"{file}:{line}\"\n                        meth = frame.get(\"methodName\", \"<anonymous>\")\n                        if \"className\" in frame:\n                            meth = f\"{frame['className']}.{meth}\"\n                        msg = \"    at %s (%s)\"\n                        msg = msg % (meth, file)\n                        stacktrace.append(msg)\n                except TypeError:\n                    pass\n        if exception_class == UnexpectedAlertPresentException:\n            alert_text = None\n            if \"data\" in value:\n                alert_text = value[\"data\"].get(\"text\")\n            elif \"alert\" in value:\n                alert_text = value[\"alert\"].get(\"text\")\n            raise exception_class(message, screen, stacktrace, alert_text)  # type: ignore[call-arg]  # mypy is not smart enough here\n>       raise exception_class(message, screen, stacktrace)\nE       selenium.common.exceptions.NoSuchElementException: Message: no such element: Unable to locate element: {\"method\":\"xpath\",\"selector\":\"//p[@class='smallText']/child::b\"}\nE         (Session info: chrome=136.0.7103.93); For documentation on this error, please visit: https://www.selenium.dev/documentation/webdriver/troubleshooting/errors#no-such-element-exception\nE       Stacktrace:\nE       \tGetHandleVerifier [0x00007FF7D33ECF25+75717]\nE       \tGetHandleVerifier [0x00007FF7D33ECF80+75808]\nE       \t(No symbol) [0x00007FF7D31B8F9A]\nE       \t(No symbol) [0x00007FF7D320F4C6]\nE       \t(No symbol) [0x00007FF7D320F77C]\nE       \t(No symbol) [0x00007FF7D3262577]\nE       \t(No symbol) [0x00007FF7D32373BF]\nE       \t(No symbol) [0x00007FF7D325F39C]\nE       \t(No symbol) [0x00007FF7D3237153]\nE       \t(No symbol) [0x00007FF7D3200421]\nE       \t(No symbol) [0x00007FF7D32011B3]\nE       \tGetHandleVerifier [0x00007FF7D36ED6FD+3223453]\nE       \tGetHandleVerifier [0x00007FF7D36E7CA2+3200322]\nE       \tGetHandleVerifier [0x00007FF7D3705AD3+3322739]\nE       \tGetHandleVerifier [0x00007FF7D34069FA+180890]\nE       \tGetHandleVerifier [0x00007FF7D340E0FF+211359]\nE       \tGetHandleVerifier [0x00007FF7D33F5274+109332]\nE       \tGetHandleVerifier [0x00007FF7D33F5422+109762]\nE       \tGetHandleVerifier [0x00007FF7D33DBA39+4825]\nE       \tBaseThreadInitThunk [0x00007FF850AFE8D7+23]\nE       \tRtlUserThreadStart [0x00007FF8515DC5DC+44]\n\n..\\basicseleniumenv\\Lib\\site-packages\\selenium\\webdriver\\remote\\errorhandler.py:232: NoSuchElementException","steps":[],"attachments":[{"uid":"c9c59442535ded74","name":"stdout","source":"c9c59442535ded74.txt","type":"text/plain","size":62}],"parameters":[],"shouldDisplayMessage":true,"attachmentsCount":1,"stepsCount":0,"attachmentStep":false,"hasContent":true},"afterStages":[],"labels":[{"name":"suite","value":"test_asserts"},{"name":"host","value":"YUVARAJ_UV"},{"name":"thread","value":"22616-MainThread"},{"name":"framework","value":"pytest"},{"name":"language","value":"cpython3"},{"name":"package","value":"test_asserts"},{"name":"resultFormat","value":"allure2"}],"parameters":[],"links":[],"hidden":false,"retry":false,"extra":{"severity":"normal","retries":[],"categories":[{"name":"Test defects","matchedStatuses":[]}],"tags":[]},"source":"5338ac5b7549c975.json","parameterValues":[]}