{"name": "test_google_search[selenium]", "status": "broken", "statusDetails": {"message": "selenium.common.exceptions.NoSuchElementException: Message: no such element: Unable to locate element: {\"method\":\"css selector\",\"selector\":\"[name=\"q\"]\"}\n  (Session info: chrome=136.0.7103.93); For documentation on this error, please visit: https://www.selenium.dev/documentation/webdriver/troubleshooting/errors#no-such-element-exception\nStacktrace:\n\tGetHandleVerifier [0x00007FF7D33ECF25+75717]\n\tGetHandleVerifier [0x00007FF7D33ECF80+75808]\n\t(No symbol) [0x00007FF7D31B8F9A]\n\t(No symbol) [0x00007FF7D320F4C6]\n\t(No symbol) [0x00007FF7D320F77C]\n\t(No symbol) [0x00007FF7D3262577]\n\t(No symbol) [0x00007FF7D32373BF]\n\t(No symbol) [0x00007FF7D325F39C]\n\t(No symbol) [0x00007FF7D3237153]\n\t(No symbol) [0x00007FF7D3200421]\n\t(No symbol) [0x00007FF7D32011B3]\n\tGetHandleVerifier [0x00007FF7D36ED6FD+3223453]\n\tGetHandleVerifier [0x00007FF7D36E7CA2+3200322]\n\tGetHandleVerifier [0x00007FF7D3705AD3+3322739]\n\tGetHandleVerifier [0x00007FF7D34069FA+180890]\n\tGetHandleVerifier [0x00007FF7D340E0FF+211359]\n\tGetHandleVerifier [0x00007FF7D33F5274+109332]\n\tGetHandleVerifier [0x00007FF7D33F5422+109762]\n\tGetHandleVerifier [0x00007FF7D33DBA39+4825]\n\tBaseThreadInitThunk [0x00007FF850AFE8D7+23]\n\tRtlUserThreadStart [0x00007FF8515DC5DC+44]", "trace": "self = <test_google.Testss object at 0x0000022DA54ABED0>, search_term = 'selenium'\n\n    @pytest.mark.parametrize('search_term',[('selenium'),('pytest'),('selenium locators')])\n    def test_google_search(self,search_term):\n>      self.driver.find_element(By.NAME,value=\"q\").send_keys(search_term)\n\ntest_google.py:11: \n_ _ _ _ _ _ _ _ _ _ _ _ _ _ _ _ _ _ _ _ _ _ _ _ _ _ _ _ _ _ _ _ _ _ _ _ _ _ _ _ _ _ _ _ _ _ _ _ _ _ _ _ _ _ _ _ _ _ _ _ _ _ _ _ _ _ _ _ _ _ _ _ _ _ _ _ _ _ _ _ _ _ \n..\\basicseleniumenv\\Lib\\site-packages\\selenium\\webdriver\\remote\\webdriver.py:898: in find_element\n    return self.execute(Command.FIND_ELEMENT, {\"using\": by, \"value\": value})[\"value\"]\n..\\basicseleniumenv\\Lib\\site-packages\\selenium\\webdriver\\remote\\webdriver.py:429: in execute\n    self.error_handler.check_response(response)\n_ _ _ _ _ _ _ _ _ _ _ _ _ _ _ _ _ _ _ _ _ _ _ _ _ _ _ _ _ _ _ _ _ _ _ _ _ _ _ _ _ _ _ _ _ _ _ _ _ _ _ _ _ _ _ _ _ _ _ _ _ _ _ _ _ _ _ _ _ _ _ _ _ _ _ _ _ _ _ _ _ _ \n\nself = <selenium.webdriver.remote.errorhandler.ErrorHandler object at 0x0000022DA5607350>\nresponse = {'status': 404, 'value': '{\"value\":{\"error\":\"no such element\",\"message\":\"no such element: Unable to locate element: {\\...D33DBA39+4825]\\\\n\\\\tBaseThreadInitThunk [0x00007FF850AFE8D7+23]\\\\n\\\\tRtlUserThreadStart [0x00007FF8515DC5DC+44]\\\\n\"}}'}\n\n    def check_response(self, response: Dict[str, Any]) -> None:\n        \"\"\"Checks that a JSON response from the WebDriver does not have an\n        error.\n    \n        :Args:\n         - response - The JSON response from the WebDriver server as a dictionary\n           object.\n    \n        :Raises: If the response contains an error message.\n        \"\"\"\n        status = response.get(\"status\", None)\n        if not status or status == ErrorCode.SUCCESS:\n            return\n        value = None\n        message = response.get(\"message\", \"\")\n        screen: str = response.get(\"screen\", \"\")\n        stacktrace = None\n        if isinstance(status, int):\n            value_json = response.get(\"value\", None)\n            if value_json and isinstance(value_json, str):\n                import json\n    \n                try:\n                    value = json.loads(value_json)\n                    if len(value) == 1:\n                        value = value[\"value\"]\n                    status = value.get(\"error\", None)\n                    if not status:\n                        status = value.get(\"status\", ErrorCode.UNKNOWN_ERROR)\n                        message = value.get(\"value\") or value.get(\"message\")\n                        if not isinstance(message, str):\n                            value = message\n                            message = message.get(\"message\")\n                    else:\n                        message = value.get(\"message\", None)\n                except ValueError:\n                    pass\n    \n        exception_class: Type[WebDriverException]\n        e = ErrorCode()\n        error_codes = [item for item in dir(e) if not item.startswith(\"__\")]\n        for error_code in error_codes:\n            error_info = getattr(ErrorCode, error_code)\n            if isinstance(error_info, list) and status in error_info:\n                exception_class = getattr(ExceptionMapping, error_code, WebDriverException)\n                break\n        else:\n            exception_class = WebDriverException\n    \n        if not value:\n            value = response[\"value\"]\n        if isinstance(value, str):\n            raise exception_class(value)\n        if message == \"\" and \"message\" in value:\n            message = value[\"message\"]\n    \n        screen = None  # type: ignore[assignment]\n        if \"screen\" in value:\n            screen = value[\"screen\"]\n    \n        stacktrace = None\n        st_value = value.get(\"stackTrace\") or value.get(\"stacktrace\")\n        if st_value:\n            if isinstance(st_value, str):\n                stacktrace = st_value.split(\"\\n\")\n            else:\n                stacktrace = []\n                try:\n                    for frame in st_value:\n                        line = frame.get(\"lineNumber\", \"\")\n                        file = frame.get(\"fileName\", \"<anonymous>\")\n                        if line:\n                            file = f\"{file}:{line}\"\n                        meth = frame.get(\"methodName\", \"<anonymous>\")\n                        if \"className\" in frame:\n                            meth = f\"{frame['className']}.{meth}\"\n                        msg = \"    at %s (%s)\"\n                        msg = msg % (meth, file)\n                        stacktrace.append(msg)\n                except TypeError:\n                    pass\n        if exception_class == UnexpectedAlertPresentException:\n            alert_text = None\n            if \"data\" in value:\n                alert_text = value[\"data\"].get(\"text\")\n            elif \"alert\" in value:\n                alert_text = value[\"alert\"].get(\"text\")\n            raise exception_class(message, screen, stacktrace, alert_text)  # type: ignore[call-arg]  # mypy is not smart enough here\n>       raise exception_class(message, screen, stacktrace)\nE       selenium.common.exceptions.NoSuchElementException: Message: no such element: Unable to locate element: {\"method\":\"css selector\",\"selector\":\"[name=\"q\"]\"}\nE         (Session info: chrome=136.0.7103.93); For documentation on this error, please visit: https://www.selenium.dev/documentation/webdriver/troubleshooting/errors#no-such-element-exception\nE       Stacktrace:\nE       \tGetHandleVerifier [0x00007FF7D33ECF25+75717]\nE       \tGetHandleVerifier [0x00007FF7D33ECF80+75808]\nE       \t(No symbol) [0x00007FF7D31B8F9A]\nE       \t(No symbol) [0x00007FF7D320F4C6]\nE       \t(No symbol) [0x00007FF7D320F77C]\nE       \t(No symbol) [0x00007FF7D3262577]\nE       \t(No symbol) [0x00007FF7D32373BF]\nE       \t(No symbol) [0x00007FF7D325F39C]\nE       \t(No symbol) [0x00007FF7D3237153]\nE       \t(No symbol) [0x00007FF7D3200421]\nE       \t(No symbol) [0x00007FF7D32011B3]\nE       \tGetHandleVerifier [0x00007FF7D36ED6FD+3223453]\nE       \tGetHandleVerifier [0x00007FF7D36E7CA2+3200322]\nE       \tGetHandleVerifier [0x00007FF7D3705AD3+3322739]\nE       \tGetHandleVerifier [0x00007FF7D34069FA+180890]\nE       \tGetHandleVerifier [0x00007FF7D340E0FF+211359]\nE       \tGetHandleVerifier [0x00007FF7D33F5274+109332]\nE       \tGetHandleVerifier [0x00007FF7D33F5422+109762]\nE       \tGetHandleVerifier [0x00007FF7D33DBA39+4825]\nE       \tBaseThreadInitThunk [0x00007FF850AFE8D7+23]\nE       \tRtlUserThreadStart [0x00007FF8515DC5DC+44]\n\n..\\basicseleniumenv\\Lib\\site-packages\\selenium\\webdriver\\remote\\errorhandler.py:232: NoSuchElementException"}, "parameters": [{"name": "search_term", "value": "'selenium'"}], "start": 1747200939900, "stop": 1747200939914, "uuid": "4890286c-9abd-4225-bd80-d32800bfb3f5", "historyId": "c7ffa68d01591d2eb81cd2e25fac09a1", "testCaseId": "10e18b35633a5ff594c62fb7f3d704cf", "fullName": "test_google.Testss#test_google_search", "labels": [{"name": "tag", "value": "@pytest.mark.usefixtures('setup_and_teardown')"}, {"name": "suite", "value": "test_google"}, {"name": "subSuite", "value": "Testss"}, {"name": "host", "value": "YUVARAJ_UV"}, {"name": "thread", "value": "22616-MainThread"}, {"name": "framework", "value": "pytest"}, {"name": "language", "value": "cpython3"}, {"name": "package", "value": "test_google"}]}